Using pre-set license
Built from '2020.3/staging' branch; Version is '2020.3.26f1 (7298b473bc1a) revision 7510196'; Using compiler version '192528614'; Build Type 'Release'
OS: 'Windows 10  (10.0.19042) 64bit Core' Language: 'en' Physical Memory: 16333 MB
BatchMode: 1, IsHumanControllingUs: 0, StartBugReporterOnCrash: 0, Is64bit: 1, IsPro: 0

COMMAND LINE ARGUMENTS:
D:\Program Files\Unity Hub\Editor\2020.3.26f1\Editor\Unity.exe
-adb2
-batchMode
-noUpm
-name
AssetImportWorker0
-projectPath
C:/Users/Ken1k/OneDrive/Desktop/cst 326 project 1 part 1
-logFile
Logs/AssetImportWorker0.log
-srvPort
54940
Successfully changed project path to: C:/Users/Ken1k/OneDrive/Desktop/cst 326 project 1 part 1
C:/Users/Ken1k/OneDrive/Desktop/cst 326 project 1 part 1
Using Asset Import Pipeline V2.
Refreshing native plugins compatible for Editor in 29.48 ms, found 2 plugins.
Preloading 0 native plugins for Editor in 0.00 ms.
Initialize engine version: 2020.3.26f1 (7298b473bc1a)
[Subsystems] Discovering subsystems at path D:/Program Files/Unity Hub/Editor/2020.3.26f1/Editor/Data/Resources/UnitySubsystems
[Subsystems] Discovering subsystems at path C:/Users/Ken1k/OneDrive/Desktop/cst 326 project 1 part 1/Assets
GfxDevice: creating device client; threaded=0
Direct3D:
    Version:  Direct3D 11.0 [level 11.1]
    Renderer: NVIDIA GeForce GTX 1660 Ti (ID=0x2182)
    Vendor:   
    VRAM:     5991 MB
    Driver:   27.21.14.6589
Initialize mono
Mono path[0] = 'D:/Program Files/Unity Hub/Editor/2020.3.26f1/Editor/Data/Managed'
Mono path[1] = 'D:/Program Files/Unity Hub/Editor/2020.3.26f1/Editor/Data/MonoBleedingEdge/lib/mono/unityjit'
Mono config path = 'D:/Program Files/Unity Hub/Editor/2020.3.26f1/Editor/Data/MonoBleedingEdge/etc'
Using monoOptions --debugger-agent=transport=dt_socket,embedding=1,server=y,suspend=n,address=127.0.0.1:56640
Begin MonoManager ReloadAssembly
Registering precompiled unity dll's ...
Register platform support module: D:/Program Files/Unity Hub/Editor/2020.3.26f1/Editor/Data/PlaybackEngines/WindowsStandaloneSupport/UnityEditor.WindowsStandalone.Extensions.dll
Registered in 0.000968 seconds.
Native extension for WindowsStandalone target not found
Refreshing native plugins compatible for Editor in 28.51 ms, found 2 plugins.
Preloading 0 native plugins for Editor in 0.00 ms.
Mono: successfully reloaded assembly
- Completed reload, in  0.451 seconds
Domain Reload Profiling:
	ReloadAssembly (451ms)
		BeginReloadAssembly (40ms)
			ExecutionOrderSort (0ms)
			DisableScriptedObjects (0ms)
			BackupInstance (0ms)
			ReleaseScriptingObjects (0ms)
			CreateAndSetChildDomain (1ms)
		EndReloadAssembly (354ms)
			LoadAssemblies (39ms)
			RebuildTransferFunctionScriptingTraits (0ms)
			SetupTypeCache (121ms)
			ReleaseScriptCaches (0ms)
			RebuildScriptCaches (26ms)
			SetupLoadedEditorAssemblies (129ms)
				LogAssemblyErrors (0ms)
				InitializePlatformSupportModulesInManaged (3ms)
				SetLoadedEditorAssemblies (0ms)
				RefreshPlugins (29ms)
				BeforeProcessingInitializeOnLoad (7ms)
				ProcessInitializeOnLoadAttributes (67ms)
				ProcessInitializeOnLoadMethodAttributes (23ms)
				AfterProcessingInitializeOnLoad (0ms)
				EditorAssembliesLoaded (0ms)
			ExecutionOrderSort2 (0ms)
			AwakeInstancesAfterBackupRestoration (0ms)
Platform modules already initialized, skipping
Registering precompiled user dll's ...
Registered in 0.004520 seconds.
Begin MonoManager ReloadAssembly
Native extension for WindowsStandalone target not found
Refreshing native plugins compatible for Editor in 0.39 ms, found 2 plugins.
Preloading 0 native plugins for Editor in 0.00 ms.
Mono: successfully reloaded assembly
- Completed reload, in  0.785 seconds
Domain Reload Profiling:
	ReloadAssembly (785ms)
		BeginReloadAssembly (116ms)
			ExecutionOrderSort (0ms)
			DisableScriptedObjects (4ms)
			BackupInstance (0ms)
			ReleaseScriptingObjects (0ms)
			CreateAndSetChildDomain (17ms)
		EndReloadAssembly (620ms)
			LoadAssemblies (67ms)
			RebuildTransferFunctionScriptingTraits (0ms)
			SetupTypeCache (222ms)
			ReleaseScriptCaches (0ms)
			RebuildScriptCaches (34ms)
			SetupLoadedEditorAssemblies (223ms)
				LogAssemblyErrors (0ms)
				InitializePlatformSupportModulesInManaged (3ms)
				SetLoadedEditorAssemblies (0ms)
				RefreshPlugins (0ms)
				BeforeProcessingInitializeOnLoad (44ms)
				ProcessInitializeOnLoadAttributes (166ms)
				ProcessInitializeOnLoadMethodAttributes (7ms)
				AfterProcessingInitializeOnLoad (2ms)
				EditorAssembliesLoaded (0ms)
			ExecutionOrderSort2 (0ms)
			AwakeInstancesAfterBackupRestoration (5ms)
Platform modules already initialized, skipping
========================================================================
Worker process is ready to serve import requests
Launched and connected shader compiler UnityShaderCompiler.exe after 0.04 seconds
Refreshing native plugins compatible for Editor in 0.72 ms, found 2 plugins.
Preloading 0 native plugins for Editor in 0.00 ms.
Unloading 1524 Unused Serialized files (Serialized files now loaded: 0)
System memory in use before: 71.0 MB.
System memory in use after: 71.1 MB.

Unloading 19 unused Assets to reduce memory usage. Loaded Objects now: 1956.
Total: 3.348000 ms (FindLiveObjects: 0.191300 ms CreateObjectMapping: 0.035500 ms MarkObjects: 3.020600 ms  DeleteObjects: 0.099100 ms)

AssetImportParameters requested are different than current active one (requested -> active):
  custom:framework-win-MediaFoundation: 216162199b28c13a410421893ffa2e32 -> 
  custom:video-decoder-ogg-theora: a1e56fd34408186e4bbccfd4996cb3dc -> 
  custom:container-muxer-webm: aa71ff27fc2769a1b78a27578f13a17b -> 
  custom:container-demuxer-webm: 4f35f7cbe854078d1ac9338744f61a02 -> 
  custom:container-demuxer-ogg: 62fdf1f143b41e24485cea50d1cbac27 -> 
  custom:video-encoder-webm-vp8: eb34c28f22e8b96e1ab97ce403110664 -> 
  custom:video-decoder-webm-vp8: 9c59270c3fd7afecdb556c50c9e8de78 -> 
  custom:audio-decoder-ogg-vorbis: bf7c407c2cedff20999df2af8eb42d56 -> 
  custom:audio-encoder-webm-vorbis: bf7c407c2cedff20999df2af8eb42d56 -> 
========================================================================
Received Import Request.
  path: Assets/Pong Ball.prefab
  artifactKey: Guid(9501e1362a8345446b52251bb3b0f940) Importer(815301076,1909f56bfc062723c751e8b465ee728b)
Start importing Assets/Pong Ball.prefab using Guid(9501e1362a8345446b52251bb3b0f940) Importer(815301076,1909f56bfc062723c751e8b465ee728b)  -> (artifact id: '9db3805e018b6409e63418a209d52136') in 0.083807 seconds 
  Import took 0.088377 seconds .

========================================================================
Received Import Request.
  Time since last request: 0.000185 seconds.
  path: Assets/Trigger Right.prefab
  artifactKey: Guid(23dac49b8d89bb54bb7382b0398ec50a) Importer(815301076,1909f56bfc062723c751e8b465ee728b)
Start importing Assets/Trigger Right.prefab using Guid(23dac49b8d89bb54bb7382b0398ec50a) Importer(815301076,1909f56bfc062723c751e8b465ee728b)  -> (artifact id: '9661fdbc268620fb1e475d094aa9c191') in 0.012524 seconds 
  Import took 0.017331 seconds .

========================================================================
Received Import Request.
  Time since last request: 0.000171 seconds.
  path: Assets/Trigger Left.prefab
  artifactKey: Guid(fc1e786487f305349bf78d3da35d0326) Importer(815301076,1909f56bfc062723c751e8b465ee728b)
Start importing Assets/Trigger Left.prefab using Guid(fc1e786487f305349bf78d3da35d0326) Importer(815301076,1909f56bfc062723c751e8b465ee728b)  -> (artifact id: '0d7f089ad276cc519db369af1cd91d53') in 0.012474 seconds 
  Import took 0.016973 seconds .

========================================================================
Received Import Request.
  Time since last request: 3.108554 seconds.
  path: Assets/Scenes
  artifactKey: Guid(82a8d323e987f144c8f56ea745e1d1bb) Importer(815301076,1909f56bfc062723c751e8b465ee728b)
Start importing Assets/Scenes using Guid(82a8d323e987f144c8f56ea745e1d1bb) Importer(815301076,1909f56bfc062723c751e8b465ee728b)  -> (artifact id: '7f25d605429687f0974f898bde43ad0a') in 0.005708 seconds 
  Import took 0.009653 seconds .

========================================================================
Received Import Request.
  Time since last request: 3.694503 seconds.
  path: Assets/code/slowScript.cs
  artifactKey: Guid(b1aaef1306e99f642b35dcecd1d8405d) Importer(815301076,1909f56bfc062723c751e8b465ee728b)
Start importing Assets/code/slowScript.cs using Guid(b1aaef1306e99f642b35dcecd1d8405d) Importer(815301076,1909f56bfc062723c751e8b465ee728b)  -> (artifact id: '2c3aa6f5c8845354eebcdf7ea1ce10f8') in 0.007696 seconds 
  Import took 0.011717 seconds .

========================================================================
Received Import Request.
  Time since last request: 0.652292 seconds.
  path: Assets/code/ScoreScript.cs
  artifactKey: Guid(2bcc9ad783e95044faa0f566df616aeb) Importer(815301076,1909f56bfc062723c751e8b465ee728b)
Start importing Assets/code/ScoreScript.cs using Guid(2bcc9ad783e95044faa0f566df616aeb) Importer(815301076,1909f56bfc062723c751e8b465ee728b)  -> (artifact id: '9e6b3a6bb0495099135d4907eed470c7') in 0.006272 seconds 
  Import took 0.010506 seconds .

========================================================================
Received Import Request.
  Time since last request: 0.497580 seconds.
  path: Assets/code/PongBall.cs
  artifactKey: Guid(4b5cf9c49eb968d4498087272ba70fb0) Importer(815301076,1909f56bfc062723c751e8b465ee728b)
Start importing Assets/code/PongBall.cs using Guid(4b5cf9c49eb968d4498087272ba70fb0) Importer(815301076,1909f56bfc062723c751e8b465ee728b)  -> (artifact id: 'a179250024d8aff6092d2dee708d9f51') in 0.005424 seconds 
  Import took 0.009688 seconds .

AssetImportWorkerClient::OnTransportError - code=2 error=End of file
